<?xml version="1.0" encoding="UTF-8"?>
<!-- Generated by org.testng.reporters.JUnitXMLReporter -->
<testsuite ignored="0" hostname="Kekelis-MacBook-Pro.local" failures="0" tests="9" name="Surefire test" time="6.802" errors="0" timestamp="2025-02-01T10:57:20 GMT">
  <testcase classname="tests.GameTests" name="testCreateGame" time="1.688"/>
  <testcase classname="tests.GameTests" name="testDeleteGame" time="2.118"/>
  <testcase classname="tests.GameTests" name="testGetAllGames" time="0.426"/>
  <testcase classname="tests.GameTests" name="testGetGameById" time="0.409"/>
  <testcase classname="tests.GameTests" name="testUpdateGame" time="0.87"/>
  <testcase classname="tests.ConfigTest" name="testConfigValues" time="0.003"/>
  <testcase classname="tests.AuthTests" name="testAuthentication" time="0.405"/>
  <testcase classname="tests.AuthTests" name="testInvalidAuthentication" time="0.411"/>
  <testcase classname="tests.AuthTests" name="testTokenFormat" time="0.414"/>
</testsuite> <!-- Surefire test -->
