<?xml version="1.0" encoding="UTF-8"?>
<!-- Generated by org.testng.reporters.JUnitXMLReporter -->
<testsuite ignored="0" hostname="Kekelis-MacBook-Pro.local" failures="0" tests="9" name="Surefire test" time="6.261" errors="0" timestamp="2025-01-31T18:24:15 GMT">
  <testcase classname="tests.GameTests" name="testCreateGame" time="1.582"/>
  <testcase classname="tests.GameTests" name="testDeleteGame" time="1.964"/>
  <testcase classname="tests.GameTests" name="testGetAllGames" time="0.392"/>
  <testcase classname="tests.GameTests" name="testGetGameById" time="0.367"/>
  <testcase classname="tests.GameTests" name="testUpdateGame" time="0.761"/>
  <testcase classname="tests.ConfigTest" name="testConfigValues" time="0.002"/>
  <testcase classname="tests.AuthTests" name="testAuthentication" time="0.376"/>
  <testcase classname="tests.AuthTests" name="testInvalidAuthentication" time="0.368"/>
  <testcase classname="tests.AuthTests" name="testTokenFormat" time="0.392"/>
</testsuite> <!-- Surefire test -->
