<?xml version="1.0" encoding="UTF-8"?>
<testng-results ignored="0" total="7" passed="7" failed="0" skipped="0">
  <reporter-output>
  </reporter-output>
  <suite started-at="2025-01-31T13:52:49 GMT" name="Surefire suite" finished-at="2025-01-31T13:52:55 GMT" duration-ms="5336">
    <groups>
    </groups>
    <test started-at="2025-01-31T13:52:49 GMT" name="Surefire test" finished-at="2025-01-31T13:52:55 GMT" duration-ms="5336">
      <class name="tests.ConfigTest">
        <test-method signature="testConfigValues()[pri:0, instance:tests.ConfigTest@50ad3bc1]" started-at="2025-01-31T13:52:54 GMT" name="testConfigValues" finished-at="2025-01-31T13:52:54 GMT" duration-ms="2" status="PASS">
          <reporter-output>
          </reporter-output>
        </test-method> <!-- testConfigValues -->
      </class> <!-- tests.ConfigTest -->
      <class name="tests.GameTests">
        <test-method signature="testCreateGame()[pri:0, instance:tests.GameTests@1b6e1eff]" started-at="2025-01-31T13:52:49 GMT" name="testCreateGame" finished-at="2025-01-31T13:52:51 GMT" duration-ms="1532" status="PASS">
          <reporter-output>
          </reporter-output>
        </test-method> <!-- testCreateGame -->
        <test-method signature="testDeleteGame()[pri:0, instance:tests.GameTests@1b6e1eff]" started-at="2025-01-31T13:52:51 GMT" name="testDeleteGame" finished-at="2025-01-31T13:52:53 GMT" duration-ms="1879" status="PASS">
          <reporter-output>
          </reporter-output>
        </test-method> <!-- testDeleteGame -->
        <test-method signature="testGetAllGames()[pri:0, instance:tests.GameTests@1b6e1eff]" started-at="2025-01-31T13:52:53 GMT" name="testGetAllGames" finished-at="2025-01-31T13:52:53 GMT" duration-ms="390" status="PASS">
          <reporter-output>
          </reporter-output>
        </test-method> <!-- testGetAllGames -->
        <test-method signature="testGetGameById()[pri:0, instance:tests.GameTests@1b6e1eff]" started-at="2025-01-31T13:52:53 GMT" name="testGetGameById" finished-at="2025-01-31T13:52:53 GMT" duration-ms="358" status="PASS">
          <reporter-output>
          </reporter-output>
        </test-method> <!-- testGetGameById -->
        <test-method signature="testUpdateGame()[pri:0, instance:tests.GameTests@1b6e1eff]" started-at="2025-01-31T13:52:53 GMT" name="testUpdateGame" finished-at="2025-01-31T13:52:54 GMT" duration-ms="739" status="PASS">
          <reporter-output>
          </reporter-output>
        </test-method> <!-- testUpdateGame -->
      </class> <!-- tests.GameTests -->
      <class name="tests.AuthTests">
        <test-method signature="testAuthentication()[pri:0, instance:tests.AuthTests@223aa2f7]" started-at="2025-01-31T13:52:54 GMT" name="testAuthentication" finished-at="2025-01-31T13:52:55 GMT" duration-ms="379" status="PASS">
          <reporter-output>
          </reporter-output>
        </test-method> <!-- testAuthentication -->
      </class> <!-- tests.AuthTests -->
    </test> <!-- Surefire test -->
  </suite> <!-- Surefire suite -->
</testng-results>
