<?xml version="1.0" encoding="UTF-8"?>
<testng-results ignored="0" total="7" passed="7" failed="0" skipped="0">
  <reporter-output>
  </reporter-output>
  <suite started-at="2025-01-30T12:33:49 GMT" name="Surefire suite" finished-at="2025-01-30T12:33:55 GMT" duration-ms="6137">
    <groups>
    </groups>
    <test started-at="2025-01-30T12:33:49 GMT" name="Surefire test" finished-at="2025-01-30T12:33:55 GMT" duration-ms="6137">
      <class name="tests.ConfigTest">
        <test-method signature="testConfigValues()[pri:0, instance:tests.ConfigTest@5762806e]" started-at="2025-01-30T12:33:54 GMT" name="testConfigValues" finished-at="2025-01-30T12:33:54 GMT" duration-ms="0" status="PASS">
          <reporter-output>
          </reporter-output>
        </test-method> <!-- testConfigValues -->
      </class> <!-- tests.ConfigTest -->
      <class name="tests.GameTests">
        <test-method signature="testCreateGame()[pri:0, instance:tests.GameTests@2893de87]" started-at="2025-01-30T12:33:49 GMT" name="testCreateGame" finished-at="2025-01-30T12:33:50 GMT" duration-ms="1649" status="PASS">
          <reporter-output>
          </reporter-output>
        </test-method> <!-- testCreateGame -->
        <test-method signature="testDeleteGame()[pri:0, instance:tests.GameTests@2893de87]" started-at="2025-01-30T12:33:50 GMT" name="testDeleteGame" finished-at="2025-01-30T12:33:53 GMT" duration-ms="2216" status="PASS">
          <reporter-output>
          </reporter-output>
        </test-method> <!-- testDeleteGame -->
        <test-method signature="testGetAllGames()[pri:0, instance:tests.GameTests@2893de87]" started-at="2025-01-30T12:33:53 GMT" name="testGetAllGames" finished-at="2025-01-30T12:33:53 GMT" duration-ms="439" status="PASS">
          <reporter-output>
          </reporter-output>
        </test-method> <!-- testGetAllGames -->
        <test-method signature="testGetGameById()[pri:0, instance:tests.GameTests@2893de87]" started-at="2025-01-30T12:33:53 GMT" name="testGetGameById" finished-at="2025-01-30T12:33:53 GMT" duration-ms="440" status="PASS">
          <reporter-output>
          </reporter-output>
        </test-method> <!-- testGetGameById -->
        <test-method signature="testUpdateGame()[pri:0, instance:tests.GameTests@2893de87]" started-at="2025-01-30T12:33:53 GMT" name="testUpdateGame" finished-at="2025-01-30T12:33:54 GMT" duration-ms="898" status="PASS">
          <reporter-output>
          </reporter-output>
        </test-method> <!-- testUpdateGame -->
      </class> <!-- tests.GameTests -->
      <class name="tests.AuthTests">
        <test-method signature="testAuthentication()[pri:0, instance:tests.AuthTests@17c386de]" started-at="2025-01-30T12:33:54 GMT" name="testAuthentication" finished-at="2025-01-30T12:33:55 GMT" duration-ms="470" status="PASS">
          <reporter-output>
          </reporter-output>
        </test-method> <!-- testAuthentication -->
      </class> <!-- tests.AuthTests -->
    </test> <!-- Surefire test -->
  </suite> <!-- Surefire suite -->
</testng-results>
