<?xml version="1.0" encoding="UTF-8"?>
<testsuite xmlns:xsi="http://www.w3.org/2001/XMLSchema-instance" xsi:noNamespaceSchemaLocation="https://maven.apache.org/surefire/maven-surefire-plugin/xsd/surefire-test-report-3.0.xsd" version="3.0" name="TestSuite" time="6.315" tests="7" errors="0" skipped="0" failures="0">
  <properties>
[...]
</properties>
  <testcase name="testCreateGame" classname="tests.GameTests" time="1.651">
    <system-err><![CDATA[SLF4J: Failed to load class "org.slf4j.impl.StaticLoggerBinder".
SLF4J: Defaulting to no-operation (NOP) logger implementation
SLF4J: See http://www.slf4j.org/codes.html#StaticLoggerBinder for further details.
]]></system-err>
  </testcase>
  <testcase name="testDeleteGame" classname="tests.GameTests" time="2.211"/>
  <testcase name="testGetAllGames" classname="tests.GameTests" time="0.439"/>
  <testcase name="testGetGameById" classname="tests.GameTests" time="0.441"/>
  <testcase name="testUpdateGame" classname="tests.GameTests" time="0.897"/>
  <testcase name="testConfigValues" classname="tests.ConfigTest" time="0.001"/>
  <testcase name="testAuthentication" classname="tests.AuthTests" time="0.47"/>
</testsuite>