<?xml version="1.0" encoding="UTF-8"?>
<testsuite xmlns:xsi="http://www.w3.org/2001/XMLSchema-instance" xsi:noNamespaceSchemaLocation="https://maven.apache.org/surefire/maven-surefire-plugin/xsd/surefire-test-report-3.0.xsd" version="3.0" name="TestSuite" time="5.592" tests="7" errors="0" skipped="0" failures="0">
  <properties>
[...]
</properties>
  <testcase name="testCreateGame" classname="tests.GameTests" time="1.56">
    <system-out><![CDATA[
[Test Case 3.1] Creating a new game: NewGame1738331569756
[Test Case 3.2] Received response: {
    "id": 0,
    "name": "NewGame1738331569756",
    "releaseDate": "2025-01-30",
    "reviewScore": 95,
    "category": "Adventure",
    "rating": "Everyone"
}
[Test Case 3.3] ✅ Status code is 200
[Test Case 3.4] ✅ Response contains the correct game name
[Test Case 3.5] ✅ Response contains the correct game category
[Test Case 3] ✅ Game creation test PASSED!
]]></system-out>
    <system-err><![CDATA[SLF4J: Failed to load class "org.slf4j.impl.StaticLoggerBinder".
SLF4J: Defaulting to no-operation (NOP) logger implementation
SLF4J: See http://www.slf4j.org/codes.html#StaticLoggerBinder for further details.
]]></system-err>
  </testcase>
  <testcase name="testDeleteGame" classname="tests.GameTests" time="1.885">
    <system-out><![CDATA[
[Test Case 5.1] Attempting to create a game for deletion test: TestGame1738331571298
[Test Case 5.2] Received response: {
    "id": 0,
    "name": "TestGame1738331571298",
    "releaseDate": "2025-01-30",
    "reviewScore": 95,
    "category": "Action",
    "rating": "Mature"
}
[Test Case 5.3] ✅ Game creation simulated (Read-Only)
[Test Case 5.4] Extracted Game ID for deletion: 0
[Test Case 5.5] Attempting to delete game ID: 0
[Test Case 5.6] Received response: {
    "timestamp": "2025-01-31T13:52:52.943+00:00",
    "status": 404,
    "error": "Not Found",
    "path": "/api/videogame/0"
}
[Test Case 5.7] ✅ Delete request acknowledged, but game is not actually removed (Read-Only Mode)
[Test Case 5.8] ✅ Verified game is not found after deletion attempt
[Test Case 5] ✅ Delete Game test PASSED! (Read-Only Mode)
]]></system-out>
  </testcase>
  <testcase name="testGetAllGames" classname="tests.GameTests" time="0.392">
    <system-out><![CDATA[🔹 [Test Case 1.1] Starting test: Fetch all games...
🔹 Sending request to fetch all games...
✅ Response received: Status Code -> 200
✅ [Test Case 1.2] Status code 200: PASSED
✅ [Test Case 1.3] Response contains 'id' field: PASSED
✅ [Test Case 1.4] Response contains 'name' field: PASSED
✅ [Test Case 1.5] Response contains 'category' field: PASSED
✅ [Test Case 1.6] Response contains 'reviewScore' field: PASSED
✅ [Test Case 1.7] At least one game exists in list: PASSED
✅ [Test Case 1.8] Valid Game ID: 1 PASSED
✅ [Test Case 1.8] Valid Game ID: 2 PASSED
✅ [Test Case 1.8] Valid Game ID: 3 PASSED
✅ [Test Case 1.8] Valid Game ID: 4 PASSED
✅ [Test Case 1.8] Valid Game ID: 5 PASSED
✅ [Test Case 1.8] Valid Game ID: 6 PASSED
✅ [Test Case 1.8] Valid Game ID: 7 PASSED
✅ [Test Case 1.8] Valid Game ID: 8 PASSED
✅ [Test Case 1.8] Valid Game ID: 9 PASSED
✅ [Test Case 1.8] Valid Game ID: 10 PASSED
🎉 [Test Case 1] Get all games: COMPLETED SUCCESSFULLY!
]]></system-out>
  </testcase>
  <testcase name="testGetGameById" classname="tests.GameTests" time="0.361">
    <system-out><![CDATA[
[Test Case 2.1] Fetching game with ID: 1
[Test Case 2.2] Received response: {
    "id": 1,
    "name": "Resident Evil 4",
    "releaseDate": "2005-10-01 23:59:59",
    "reviewScore": 85,
    "category": "Shooter",
    "rating": "Universal"
}
[Test Case 2.3] ✅ Status code is 200
[Test Case 2.4] ✅ Response contains correct Game ID
[Test Case 2] ✅ Game fetch test PASSED!
]]></system-out>
  </testcase>
  <testcase name="testUpdateGame" classname="tests.GameTests" time="0.74">
    <system-out><![CDATA[
[Test Case 4.1] Attempting to update Game ID: 1
[Test Case 4.2] Received response: {
    "id": 1,
    "name": "Updated Game 1738331573939",
    "releaseDate": "2025-02-01",
    "reviewScore": 99,
    "category": "Action",
    "rating": "Teen"
}
[Test Case 4.3] ✅ Status code is 200
[Test Case 4.4] ✅ Response contains the updated game name
[Test Case 4.5] ✅ Response contains the updated game category
[Test Case 4] ✅ Game update test PASSED (But data is not persisted due to read-only mode)
]]></system-out>
  </testcase>
  <testcase name="testConfigValues" classname="tests.ConfigTest" time="0.002"/>
  <testcase name="testAuthentication" classname="tests.AuthTests" time="0.381"/>
</testsuite>